[localhost-startStop-1] DEBUG org.springframework.web.servlet.DispatcherServlet  - Initializing servlet 'springmvc-dispatcher'
[localhost-startStop-1] DEBUG org.springframework.web.context.support.StandardServletEnvironment  - Adding [servletConfigInitParams] PropertySource with lowest search precedence
[localhost-startStop-1] DEBUG org.springframework.web.context.support.StandardServletEnvironment  - Adding [servletContextInitParams] PropertySource with lowest search precedence
[localhost-startStop-1] DEBUG org.springframework.web.context.support.StandardServletEnvironment  - Adding [jndiProperties] PropertySource with lowest search precedence
[localhost-startStop-1] DEBUG org.springframework.web.context.support.StandardServletEnvironment  - Adding [systemProperties] PropertySource with lowest search precedence
[localhost-startStop-1] DEBUG org.springframework.web.context.support.StandardServletEnvironment  - Adding [systemEnvironment] PropertySource with lowest search precedence
[localhost-startStop-1] DEBUG org.springframework.web.context.support.StandardServletEnvironment  - Initialized StandardServletEnvironment with PropertySources [servletConfigInitParams,servletContextInitParams,jndiProperties,systemProperties,systemEnvironment]
[localhost-startStop-1] INFO  org.springframework.web.servlet.DispatcherServlet  - FrameworkServlet 'springmvc-dispatcher': initialization started
[localhost-startStop-1] DEBUG org.springframework.web.servlet.DispatcherServlet  - Servlet with name 'springmvc-dispatcher' will try to create custom WebApplicationContext context of class 'org.springframework.web.context.support.XmlWebApplicationContext', using parent context [null]
[localhost-startStop-1] DEBUG org.springframework.web.context.support.StandardServletEnvironment  - Replacing [servletContextInitParams] PropertySource with [servletContextInitParams]
[localhost-startStop-1] DEBUG org.springframework.web.context.support.StandardServletEnvironment  - Replacing [servletConfigInitParams] PropertySource with [servletConfigInitParams]
[localhost-startStop-1] INFO  org.springframework.web.context.support.XmlWebApplicationContext  - Refreshing WebApplicationContext for namespace 'springmvc-dispatcher-servlet': startup date [Sat May 09 10:54:51 IST 2020]; root of context hierarchy
[localhost-startStop-1] DEBUG org.springframework.core.env.StandardEnvironment  - Adding [systemProperties] PropertySource with lowest search precedence
[localhost-startStop-1] DEBUG org.springframework.core.env.StandardEnvironment  - Adding [systemEnvironment] PropertySource with lowest search precedence
[localhost-startStop-1] DEBUG org.springframework.core.env.StandardEnvironment  - Initialized StandardEnvironment with PropertySources [systemProperties,systemEnvironment]
[localhost-startStop-1] INFO  org.springframework.beans.factory.xml.XmlBeanDefinitionReader  - Loading XML bean definitions from ServletContext resource [/WEB-INF/applicationContext.xml]
[localhost-startStop-1] DEBUG org.springframework.beans.factory.xml.DefaultDocumentLoader  - Using JAXP provider [com.sun.org.apache.xerces.internal.jaxp.DocumentBuilderFactoryImpl]
[localhost-startStop-1] DEBUG org.springframework.beans.factory.xml.PluggableSchemaResolver  - Loading schema mappings from [META-INF/spring.schemas]
[localhost-startStop-1] DEBUG org.springframework.beans.factory.xml.PluggableSchemaResolver  - Loaded schema mappings: {http://www.springframework.org/schema/cache/spring-cache-4.2.xsd=org/springframework/cache/config/spring-cache-4.2.xsd, http://www.springframework.org/schema/aop/spring-aop-4.1.xsd=org/springframework/aop/config/spring-aop-4.1.xsd, http://www.springframework.org/schema/context/spring-context-3.1.xsd=org/springframework/context/config/spring-context-3.1.xsd, http://www.springframework.org/schema/mvc/spring-mvc-4.1.xsd=org/springframework/web/servlet/config/spring-mvc-4.1.xsd, http://www.springframework.org/schema/util/spring-util-3.0.xsd=org/springframework/beans/factory/xml/spring-util-3.0.xsd, http://www.springframework.org/schema/tool/spring-tool.xsd=org/springframework/beans/factory/xml/spring-tool-4.2.xsd, http://www.springframework.org/schema/aop/spring-aop-3.2.xsd=org/springframework/aop/config/spring-aop-3.2.xsd, http://www.springframework.org/schema/lang/spring-lang-4.1.xsd=org/springframework/scripting/config/spring-lang-4.1.xsd, http://www.springframework.org/schema/context/spring-context-4.0.xsd=org/springframework/context/config/spring-context-4.0.xsd, http://www.springframework.org/schema/mvc/spring-mvc-3.2.xsd=org/springframework/web/servlet/config/spring-mvc-3.2.xsd, http://www.springframework.org/schema/beans/spring-beans-4.2.xsd=org/springframework/beans/factory/xml/spring-beans-4.2.xsd, http://www.springframework.org/schema/tool/spring-tool-4.1.xsd=org/springframework/beans/factory/xml/spring-tool-4.1.xsd, http://www.springframework.org/schema/lang/spring-lang-3.2.xsd=org/springframework/scripting/config/spring-lang-3.2.xsd, http://www.springframework.org/schema/cache/spring-cache-3.2.xsd=org/springframework/cache/config/spring-cache-3.2.xsd, http://www.springframework.org/schema/jee/spring-jee-4.1.xsd=org/springframework/ejb/config/spring-jee-4.1.xsd, http://www.springframework.org/schema/util/spring-util-2.0.xsd=org/springframework/beans/factory/xml/spring-util-2.0.xsd, http://www.springframework.org/schema/task/spring-task-4.2.xsd=org/springframework/scheduling/config/spring-task-4.2.xsd, http://www.springframework.org/schema/tool/spring-tool-3.2.xsd=org/springframework/beans/factory/xml/spring-tool-3.2.xsd, http://www.springframework.org/schema/context/spring-context.xsd=org/springframework/context/config/spring-context-4.2.xsd, http://www.springframework.org/schema/cache/spring-cache-4.1.xsd=org/springframework/cache/config/spring-cache-4.1.xsd, http://www.springframework.org/schema/aop/spring-aop-4.0.xsd=org/springframework/aop/config/spring-aop-4.0.xsd, http://www.springframework.org/schema/jee/spring-jee-3.2.xsd=org/springframework/ejb/config/spring-jee-3.2.xsd, http://www.springframework.org/schema/context/spring-context-3.0.xsd=org/springframework/context/config/spring-context-3.0.xsd, http://www.springframework.org/schema/mvc/spring-mvc-4.0.xsd=org/springframework/web/servlet/config/spring-mvc-4.0.xsd, http://www.springframework.org/schema/util/spring-util-2.5.xsd=org/springframework/beans/factory/xml/spring-util-2.5.xsd, http://www.springframework.org/schema/beans/spring-beans-3.2.xsd=org/springframework/beans/factory/xml/spring-beans-3.2.xsd, http://www.springframework.org/schema/aop/spring-aop-3.1.xsd=org/springframework/aop/config/spring-aop-3.1.xsd, http://www.springframework.org/schema/lang/spring-lang-4.0.xsd=org/springframework/scripting/config/spring-lang-4.0.xsd, http://www.springframework.org/schema/mvc/spring-mvc.xsd=org/springframework/web/servlet/config/spring-mvc-4.2.xsd, http://www.springframework.org/schema/mvc/spring-mvc-3.1.xsd=org/springframework/web/servlet/config/spring-mvc-3.1.xsd, http://www.springframework.org/schema/beans/spring-beans-4.1.xsd=org/springframework/beans/factory/xml/spring-beans-4.1.xsd, http://www.springframework.org/schema/tool/spring-tool-4.0.xsd=org/springframework/beans/factory/xml/spring-tool-4.0.xsd, http://www.springframework.org/schema/lang/spring-lang-3.1.xsd=org/springframework/scripting/config/spring-lang-3.1.xsd, http://www.springframework.org/schema/cache/spring-cache-3.1.xsd=org/springframework/cache/config/spring-cache-3.1.xsd, http://www.springframework.org/schema/jee/spring-jee-4.0.xsd=org/springframework/ejb/config/spring-jee-4.0.xsd, http://www.springframework.org/schema/task/spring-task-4.1.xsd=org/springframework/scheduling/config/spring-task-4.1.xsd, http://www.springframework.org/schema/tool/spring-tool-3.1.xsd=org/springframework/beans/factory/xml/spring-tool-3.1.xsd, http://www.springframework.org/schema/cache/spring-cache-4.0.xsd=org/springframework/cache/config/spring-cache-4.0.xsd, http://www.springframework.org/schema/jee/spring-jee-3.1.xsd=org/springframework/ejb/config/spring-jee-3.1.xsd, http://www.springframework.org/schema/util/spring-util-4.2.xsd=org/springframework/beans/factory/xml/spring-util-4.2.xsd, http://www.springframework.org/schema/task/spring-task-3.2.xsd=org/springframework/scheduling/config/spring-task-3.2.xsd, http://www.springframework.org/schema/beans/spring-beans-3.1.xsd=org/springframework/beans/factory/xml/spring-beans-3.1.xsd, http://www.springframework.org/schema/util/spring-util.xsd=org/springframework/beans/factory/xml/spring-util-4.2.xsd, http://www.springframework.org/schema/aop/spring-aop-3.0.xsd=org/springframework/aop/config/spring-aop-3.0.xsd, http://www.springframework.org/schema/mvc/spring-mvc-3.0.xsd=org/springframework/web/servlet/config/spring-mvc-3.0.xsd, http://www.springframework.org/schema/beans/spring-beans-4.0.xsd=org/springframework/beans/factory/xml/spring-beans-4.0.xsd, http://www.springframework.org/schema/beans/spring-beans.xsd=org/springframework/beans/factory/xml/spring-beans-4.2.xsd, http://www.springframework.org/schema/lang/spring-lang-3.0.xsd=org/springframework/scripting/config/spring-lang-3.0.xsd, http://www.springframework.org/schema/context/spring-context-2.5.xsd=org/springframework/context/config/spring-context-2.5.xsd, http://www.springframework.org/schema/task/spring-task-4.0.xsd=org/springframework/scheduling/config/spring-task-4.0.xsd, http://www.springframework.org/schema/tool/spring-tool-3.0.xsd=org/springframework/beans/factory/xml/spring-tool-3.0.xsd, http://www.springframework.org/schema/aop/spring-aop-2.0.xsd=org/springframework/aop/config/spring-aop-2.0.xsd, http://www.springframework.org/schema/jee/spring-jee-3.0.xsd=org/springframework/ejb/config/spring-jee-3.0.xsd, http://www.springframework.org/schema/util/spring-util-4.1.xsd=org/springframework/beans/factory/xml/spring-util-4.1.xsd, http://www.springframework.org/schema/task/spring-task-3.1.xsd=org/springframework/scheduling/config/spring-task-3.1.xsd, http://www.springframework.org/schema/beans/spring-beans-3.0.xsd=org/springframework/beans/factory/xml/spring-beans-3.0.xsd, http://www.springframework.org/schema/jee/spring-jee.xsd=org/springframework/ejb/config/spring-jee-4.2.xsd, http://www.springframework.org/schema/aop/spring-aop-2.5.xsd=org/springframework/aop/config/spring-aop-2.5.xsd, http://www.springframework.org/schema/lang/spring-lang-2.0.xsd=org/springframework/scripting/config/spring-lang-2.0.xsd, http://www.springframework.org/schema/util/spring-util-3.2.xsd=org/springframework/beans/factory/xml/spring-util-3.2.xsd, http://www.springframework.org/schema/task/spring-task.xsd=org/springframework/scheduling/config/spring-task-4.2.xsd, http://www.springframework.org/schema/tool/spring-tool-2.0.xsd=org/springframework/beans/factory/xml/spring-tool-2.0.xsd, http://www.springframework.org/schema/lang/spring-lang-2.5.xsd=org/springframework/scripting/config/spring-lang-2.5.xsd, http://www.springframework.org/schema/context/spring-context-4.2.xsd=org/springframework/context/config/spring-context-4.2.xsd, http://www.springframework.org/schema/jee/spring-jee-2.0.xsd=org/springframework/ejb/config/spring-jee-2.0.xsd, http://www.springframework.org/schema/tool/spring-tool-2.5.xsd=org/springframework/beans/factory/xml/spring-tool-2.5.xsd, http://www.springframework.org/schema/jee/spring-jee-2.5.xsd=org/springframework/ejb/config/spring-jee-2.5.xsd, http://www.springframework.org/schema/util/spring-util-4.0.xsd=org/springframework/beans/factory/xml/spring-util-4.0.xsd, http://www.springframework.org/schema/task/spring-task-3.0.xsd=org/springframework/scheduling/config/spring-task-3.0.xsd, http://www.springframework.org/schema/aop/spring-aop-4.2.xsd=org/springframework/aop/config/spring-aop-4.2.xsd, http://www.springframework.org/schema/lang/spring-lang.xsd=org/springframework/scripting/config/spring-lang-4.2.xsd, http://www.springframework.org/schema/context/spring-context-3.2.xsd=org/springframework/context/config/spring-context-3.2.xsd, http://www.springframework.org/schema/mvc/spring-mvc-4.2.xsd=org/springframework/web/servlet/config/spring-mvc-4.2.xsd, http://www.springframework.org/schema/util/spring-util-3.1.xsd=org/springframework/beans/factory/xml/spring-util-3.1.xsd, http://www.springframework.org/schema/beans/spring-beans-2.0.xsd=org/springframework/beans/factory/xml/spring-beans-2.0.xsd, http://www.springframework.org/schema/cache/spring-cache.xsd=org/springframework/cache/config/spring-cache-4.2.xsd, http://www.springframework.org/schema/lang/spring-lang-4.2.xsd=org/springframework/scripting/config/spring-lang-4.2.xsd, http://www.springframework.org/schema/context/spring-context-4.1.xsd=org/springframework/context/config/spring-context-4.1.xsd, http://www.springframework.org/schema/beans/spring-beans-2.5.xsd=org/springframework/beans/factory/xml/spring-beans-2.5.xsd, http://www.springframework.org/schema/tool/spring-tool-4.2.xsd=org/springframework/beans/factory/xml/spring-tool-4.2.xsd, http://www.springframework.org/schema/jee/spring-jee-4.2.xsd=org/springframework/ejb/config/spring-jee-4.2.xsd, http://www.springframework.org/schema/aop/spring-aop.xsd=org/springframework/aop/config/spring-aop-4.2.xsd}
[localhost-startStop-1] DEBUG org.springframework.beans.factory.xml.PluggableSchemaResolver  - Found XML schema [http://www.springframework.org/schema/beans/spring-beans.xsd] in classpath: org/springframework/beans/factory/xml/spring-beans-4.2.xsd
[localhost-startStop-1] DEBUG org.springframework.beans.factory.xml.PluggableSchemaResolver  - Found XML schema [http://www.springframework.org/schema/context/spring-context.xsd] in classpath: org/springframework/context/config/spring-context-4.2.xsd
[localhost-startStop-1] DEBUG org.springframework.beans.factory.xml.PluggableSchemaResolver  - Found XML schema [http://www.springframework.org/schema/tool/spring-tool-4.1.xsd] in classpath: org/springframework/beans/factory/xml/spring-tool-4.1.xsd
[localhost-startStop-1] DEBUG org.springframework.beans.factory.xml.PluggableSchemaResolver  - Found XML schema [http://www.springframework.org/schema/task/spring-task.xsd] in classpath: org/springframework/scheduling/config/spring-task-4.2.xsd
[localhost-startStop-1] DEBUG org.springframework.beans.factory.xml.PluggableSchemaResolver  - Found XML schema [http://www.springframework.org/schema/mvc/spring-mvc.xsd] in classpath: org/springframework/web/servlet/config/spring-mvc-4.2.xsd
[localhost-startStop-1] DEBUG org.springframework.beans.factory.xml.DefaultBeanDefinitionDocumentReader  - Loading bean definitions
[localhost-startStop-1] DEBUG org.springframework.beans.factory.xml.DefaultNamespaceHandlerResolver  - Loaded NamespaceHandler mappings: {http://www.springframework.org/schema/p=org.springframework.beans.factory.xml.SimplePropertyNamespaceHandler, http://www.springframework.org/schema/mvc=org.springframework.web.servlet.config.MvcNamespaceHandler, http://www.springframework.org/schema/util=org.springframework.beans.factory.xml.UtilNamespaceHandler, http://www.springframework.org/schema/jee=org.springframework.ejb.config.JeeNamespaceHandler, http://www.springframework.org/schema/aop=org.springframework.aop.config.AopNamespaceHandler, http://www.springframework.org/schema/cache=org.springframework.cache.config.CacheNamespaceHandler, http://www.springframework.org/schema/c=org.springframework.beans.factory.xml.SimpleConstructorNamespaceHandler, http://www.springframework.org/schema/task=org.springframework.scheduling.config.TaskNamespaceHandler, http://www.springframework.org/schema/lang=org.springframework.scripting.config.LangNamespaceHandler, http://www.springframework.org/schema/context=org.springframework.context.config.ContextNamespaceHandler}
[localhost-startStop-1] DEBUG org.springframework.core.env.StandardEnvironment  - Adding [systemProperties] PropertySource with lowest search precedence
[localhost-startStop-1] DEBUG org.springframework.core.env.StandardEnvironment  - Adding [systemEnvironment] PropertySource with lowest search precedence
[localhost-startStop-1] DEBUG org.springframework.core.env.StandardEnvironment  - Initialized StandardEnvironment with PropertySources [systemProperties,systemEnvironment]
[localhost-startStop-1] DEBUG org.springframework.context.annotation.ClassPathBeanDefinitionScanner  - JSR-250 'javax.annotation.ManagedBean' found and supported for component scanning
[localhost-startStop-1] DEBUG org.springframework.context.annotation.ClassPathBeanDefinitionScanner  - JSR-330 'javax.inject.Named' annotation found and supported for component scanning
[localhost-startStop-1] DEBUG org.springframework.core.io.support.PathMatchingResourcePatternResolver  - Looking for matching resources in directory tree [/Users/jitendra.kumar01/jitu/snapdealwork/git/SpringCodeChef/target/classes/com/journaldev/spring/di/controller]
[localhost-startStop-1] DEBUG org.springframework.core.io.support.PathMatchingResourcePatternResolver  - Searching directory [/Users/jitendra.kumar01/jitu/snapdealwork/git/SpringCodeChef/target/classes/com/journaldev/spring/di/controller] for files matching pattern [/Users/jitendra.kumar01/jitu/snapdealwork/git/SpringCodeChef/target/classes/com/journaldev/spring/di/controller/**/*.class]
[localhost-startStop-1] DEBUG org.springframework.core.io.support.PathMatchingResourcePatternResolver  - Resolved location pattern [classpath*:com/journaldev/spring/di/controller/**/*.class] to resources [file [/Users/jitendra.kumar01/jitu/snapdealwork/git/SpringCodeChef/target/classes/com/journaldev/spring/di/controller/HelloWorldController.class]]
[localhost-startStop-1] DEBUG org.springframework.context.annotation.ClassPathBeanDefinitionScanner  - Identified candidate component class: file [/Users/jitendra.kumar01/jitu/snapdealwork/git/SpringCodeChef/target/classes/com/journaldev/spring/di/controller/HelloWorldController.class]
[localhost-startStop-1] DEBUG org.springframework.beans.factory.xml.BeanDefinitionParserDelegate  - Neither XML 'id' nor 'name' specified - using generated bean name [org.springframework.web.servlet.view.InternalResourceViewResolver#0]
[localhost-startStop-1] DEBUG org.springframework.beans.factory.xml.XmlBeanDefinitionReader  - Loaded 27 bean definitions from location pattern [/WEB-INF/applicationContext.xml]
[localhost-startStop-1] DEBUG org.springframework.web.context.support.XmlWebApplicationContext  - Bean factory for WebApplicationContext for namespace 'springmvc-dispatcher-servlet': org.springframework.beans.factory.support.DefaultListableBeanFactory@3be4ca42: defining beans [helloWorldController,org.springframework.context.annotation.internalConfigurationAnnotationProcessor,org.springframework.context.annotation.internalAutowiredAnnotationProcessor,org.springframework.context.annotation.internalRequiredAnnotationProcessor,org.springframework.context.annotation.internalCommonAnnotationProcessor,org.springframework.context.event.internalEventListenerProcessor,org.springframework.context.event.internalEventListenerFactory,org.springframework.context.annotation.internalAsyncAnnotationProcessor,org.springframework.context.annotation.internalScheduledAnnotationProcessor,twitter,asyncCaller,asyncMailTrigger,MyXMLApp,org.springframework.web.servlet.view.InternalResourceViewResolver#0,mvcContentNegotiationManager,org.springframework.web.servlet.mvc.method.annotation.RequestMappingHandlerMapping#0,mvcCorsConfigurations,org.springframework.format.support.FormattingConversionServiceFactoryBean#0,org.springframework.web.servlet.mvc.method.annotation.RequestMappingHandlerAdapter#0,mvcUriComponentsContributor,org.springframework.web.servlet.handler.MappedInterceptor#0,org.springframework.web.servlet.mvc.method.annotation.ExceptionHandlerExceptionResolver#0,org.springframework.web.servlet.mvc.annotation.ResponseStatusExceptionResolver#0,org.springframework.web.servlet.mvc.support.DefaultHandlerExceptionResolver#0,org.springframework.web.servlet.handler.BeanNameUrlHandlerMapping,org.springframework.web.servlet.mvc.HttpRequestHandlerAdapter,org.springframework.web.servlet.mvc.SimpleControllerHandlerAdapter]; root of factory hierarchy
[localhost-startStop-1] DEBUG org.springframework.beans.factory.support.DefaultListableBeanFactory  - Registering scope 'request' with implementation [org.springframework.web.context.request.RequestScope@7dadb8c4]
[localhost-startStop-1] DEBUG org.springframework.beans.factory.support.DefaultListableBeanFactory  - Registering scope 'session' with implementation [org.springframework.web.context.request.SessionScope@35aaa2b8]
[localhost-startStop-1] DEBUG org.springframework.beans.factory.support.DefaultListableBeanFactory  - Registering scope 'globalSession' with implementation [org.springframework.web.context.request.SessionScope@25d14751]
[localhost-startStop-1] DEBUG org.springframework.beans.factory.support.DefaultListableBeanFactory  - Registering scope 'application' with implementation [org.springframework.web.context.support.ServletContextScope@94e068f]
[localhost-startStop-1] DEBUG org.springframework.beans.factory.support.DefaultListableBeanFactory  - Creating shared instance of singleton bean 'org.springframework.context.annotation.internalConfigurationAnnotationProcessor'
[localhost-startStop-1] DEBUG org.springframework.beans.factory.support.DefaultListableBeanFactory  - Creating instance of bean 'org.springframework.context.annotation.internalConfigurationAnnotationProcessor'
[localhost-startStop-1] DEBUG org.springframework.beans.factory.support.DefaultListableBeanFactory  - Eagerly caching bean 'org.springframework.context.annotation.internalConfigurationAnnotationProcessor' to allow for resolving potential circular references
[localhost-startStop-1] DEBUG org.springframework.beans.factory.support.DefaultListableBeanFactory  - Finished creating instance of bean 'org.springframework.context.annotation.internalConfigurationAnnotationProcessor'
[localhost-startStop-1] DEBUG org.springframework.beans.factory.support.DefaultListableBeanFactory  - Creating shared instance of singleton bean 'org.springframework.context.annotation.internalAutowiredAnnotationProcessor'
[localhost-startStop-1] DEBUG org.springframework.beans.factory.support.DefaultListableBeanFactory  - Creating instance of bean 'org.springframework.context.annotation.internalAutowiredAnnotationProcessor'
[localhost-startStop-1] INFO  org.springframework.beans.factory.annotation.AutowiredAnnotationBeanPostProcessor  - JSR-330 'javax.inject.Inject' annotation found and supported for autowiring
[localhost-startStop-1] DEBUG org.springframework.beans.factory.support.DefaultListableBeanFactory  - Eagerly caching bean 'org.springframework.context.annotation.internalAutowiredAnnotationProcessor' to allow for resolving potential circular references
[localhost-startStop-1] DEBUG org.springframework.beans.factory.support.DefaultListableBeanFactory  - Finished creating instance of bean 'org.springframework.context.annotation.internalAutowiredAnnotationProcessor'
[localhost-startStop-1] DEBUG org.springframework.beans.factory.support.DefaultListableBeanFactory  - Creating shared instance of singleton bean 'org.springframework.context.annotation.internalRequiredAnnotationProcessor'
[localhost-startStop-1] DEBUG org.springframework.beans.factory.support.DefaultListableBeanFactory  - Creating instance of bean 'org.springframework.context.annotation.internalRequiredAnnotationProcessor'
[localhost-startStop-1] DEBUG org.springframework.beans.factory.support.DefaultListableBeanFactory  - Eagerly caching bean 'org.springframework.context.annotation.internalRequiredAnnotationProcessor' to allow for resolving potential circular references
[localhost-startStop-1] DEBUG org.springframework.beans.factory.support.DefaultListableBeanFactory  - Finished creating instance of bean 'org.springframework.context.annotation.internalRequiredAnnotationProcessor'
[localhost-startStop-1] DEBUG org.springframework.beans.factory.support.DefaultListableBeanFactory  - Creating shared instance of singleton bean 'org.springframework.context.annotation.internalCommonAnnotationProcessor'
[localhost-startStop-1] DEBUG org.springframework.beans.factory.support.DefaultListableBeanFactory  - Creating instance of bean 'org.springframework.context.annotation.internalCommonAnnotationProcessor'
[localhost-startStop-1] DEBUG org.springframework.beans.factory.support.DefaultListableBeanFactory  - Eagerly caching bean 'org.springframework.context.annotation.internalCommonAnnotationProcessor' to allow for resolving potential circular references
[localhost-startStop-1] DEBUG org.springframework.beans.factory.support.DefaultListableBeanFactory  - Finished creating instance of bean 'org.springframework.context.annotation.internalCommonAnnotationProcessor'
[localhost-startStop-1] DEBUG org.springframework.beans.factory.support.DefaultListableBeanFactory  - Creating shared instance of singleton bean 'org.springframework.context.annotation.ConfigurationClassPostProcessor.importAwareProcessor'
[localhost-startStop-1] DEBUG org.springframework.beans.factory.support.DefaultListableBeanFactory  - Creating instance of bean 'org.springframework.context.annotation.ConfigurationClassPostProcessor.importAwareProcessor'
[localhost-startStop-1] DEBUG org.springframework.beans.factory.support.DefaultListableBeanFactory  - Eagerly caching bean 'org.springframework.context.annotation.ConfigurationClassPostProcessor.importAwareProcessor' to allow for resolving potential circular references
[localhost-startStop-1] DEBUG org.springframework.beans.factory.support.DefaultListableBeanFactory  - Finished creating instance of bean 'org.springframework.context.annotation.ConfigurationClassPostProcessor.importAwareProcessor'
[localhost-startStop-1] DEBUG org.springframework.beans.factory.support.DefaultListableBeanFactory  - Creating shared instance of singleton bean 'org.springframework.context.annotation.ConfigurationClassPostProcessor.enhancedConfigurationProcessor'
[localhost-startStop-1] DEBUG org.springframework.beans.factory.support.DefaultListableBeanFactory  - Creating instance of bean 'org.springframework.context.annotation.ConfigurationClassPostProcessor.enhancedConfigurationProcessor'
[localhost-startStop-1] DEBUG org.springframework.beans.factory.support.DefaultListableBeanFactory  - Eagerly caching bean 'org.springframework.context.annotation.ConfigurationClassPostProcessor.enhancedConfigurationProcessor' to allow for resolving potential circular references
[localhost-startStop-1] DEBUG org.springframework.beans.factory.support.DefaultListableBeanFactory  - Finished creating instance of bean 'org.springframework.context.annotation.ConfigurationClassPostProcessor.enhancedConfigurationProcessor'
[localhost-startStop-1] DEBUG org.springframework.beans.factory.support.DefaultListableBeanFactory  - Creating shared instance of singleton bean 'org.springframework.context.annotation.internalAsyncAnnotationProcessor'
[localhost-startStop-1] DEBUG org.springframework.beans.factory.support.DefaultListableBeanFactory  - Creating instance of bean 'org.springframework.context.annotation.internalAsyncAnnotationProcessor'
[localhost-startStop-1] DEBUG org.springframework.beans.factory.support.DefaultListableBeanFactory  - Eagerly caching bean 'org.springframework.context.annotation.internalAsyncAnnotationProcessor' to allow for resolving potential circular references
[localhost-startStop-1] DEBUG org.springframework.scheduling.annotation.AsyncAnnotationBeanPostProcessor  - Could not find default TaskExecutor bean
org.springframework.beans.factory.NoSuchBeanDefinitionException: No qualifying bean of type [org.springframework.core.task.TaskExecutor] is defined
	at org.springframework.beans.factory.support.DefaultListableBeanFactory.getBean(DefaultListableBeanFactory.java:372)
	at org.springframework.beans.factory.support.DefaultListableBeanFactory.getBean(DefaultListableBeanFactory.java:332)
	at org.springframework.scheduling.annotation.AsyncAnnotationBeanPostProcessor.setBeanFactory(AsyncAnnotationBeanPostProcessor.java:128)
	at org.springframework.beans.factory.support.AbstractAutowireCapableBeanFactory.invokeAwareMethods(AbstractAutowireCapableBeanFactory.java:1597)
	at org.springframework.beans.factory.support.AbstractAutowireCapableBeanFactory.initializeBean(AbstractAutowireCapableBeanFactory.java:1565)
	at org.springframework.beans.factory.support.AbstractAutowireCapableBeanFactory.doCreateBean(AbstractAutowireCapableBeanFactory.java:545)
	at org.springframework.beans.factory.support.AbstractAutowireCapableBeanFactory.createBean(AbstractAutowireCapableBeanFactory.java:482)
	at org.springframework.beans.factory.support.AbstractBeanFactory$1.getObject(AbstractBeanFactory.java:305)
	at org.springframework.beans.factory.support.DefaultSingletonBeanRegistry.getSingleton(DefaultSingletonBeanRegistry.java:230)
	at org.springframework.beans.factory.support.AbstractBeanFactory.doGetBean(AbstractBeanFactory.java:301)
	at org.springframework.beans.factory.support.AbstractBeanFactory.getBean(AbstractBeanFactory.java:201)
	at org.springframework.context.support.PostProcessorRegistrationDelegate.registerBeanPostProcessors(PostProcessorRegistrationDelegate.java:228)
	at org.springframework.context.support.AbstractApplicationContext.registerBeanPostProcessors(AbstractApplicationContext.java:682)
	at org.springframework.context.support.AbstractApplicationContext.refresh(AbstractApplicationContext.java:522)
	at org.springframework.web.servlet.FrameworkServlet.configureAndRefreshWebApplicationContext(FrameworkServlet.java:667)
	at org.springframework.web.servlet.FrameworkServlet.createWebApplicationContext(FrameworkServlet.java:633)
	at org.springframework.web.servlet.FrameworkServlet.createWebApplicationContext(FrameworkServlet.java:681)
	at org.springframework.web.servlet.FrameworkServlet.initWebApplicationContext(FrameworkServlet.java:552)
	at org.springframework.web.servlet.FrameworkServlet.initServletBean(FrameworkServlet.java:493)
	at org.springframework.web.servlet.HttpServletBean.init(HttpServletBean.java:136)
	at javax.servlet.GenericServlet.init(GenericServlet.java:160)
	at org.apache.catalina.core.StandardWrapper.initServlet(StandardWrapper.java:1280)
	at org.apache.catalina.core.StandardWrapper.loadServlet(StandardWrapper.java:1193)
	at org.apache.catalina.core.StandardWrapper.load(StandardWrapper.java:1088)
	at org.apache.catalina.core.StandardContext.loadOnStartup(StandardContext.java:5176)
	at org.apache.catalina.core.StandardContext.startInternal(StandardContext.java:5460)
	at org.apache.catalina.util.LifecycleBase.start(LifecycleBase.java:150)
	at org.apache.catalina.core.ContainerBase$StartChild.call(ContainerBase.java:1559)
	at org.apache.catalina.core.ContainerBase$StartChild.call(ContainerBase.java:1549)
	at java.util.concurrent.FutureTask.run(FutureTask.java:266)
	at java.util.concurrent.ThreadPoolExecutor.runWorker(ThreadPoolExecutor.java:1149)
	at java.util.concurrent.ThreadPoolExecutor$Worker.run(ThreadPoolExecutor.java:624)
	at java.lang.Thread.run(Thread.java:748)
[localhost-startStop-1] DEBUG org.springframework.beans.factory.support.DefaultListableBeanFactory  - Finished creating instance of bean 'org.springframework.context.annotation.internalAsyncAnnotationProcessor'
[localhost-startStop-1] DEBUG org.springframework.beans.factory.support.DefaultListableBeanFactory  - Creating shared instance of singleton bean 'org.springframework.context.annotation.internalScheduledAnnotationProcessor'
[localhost-startStop-1] DEBUG org.springframework.beans.factory.support.DefaultListableBeanFactory  - Creating instance of bean 'org.springframework.context.annotation.internalScheduledAnnotationProcessor'
[localhost-startStop-1] DEBUG org.springframework.beans.factory.support.DefaultListableBeanFactory  - Eagerly caching bean 'org.springframework.context.annotation.internalScheduledAnnotationProcessor' to allow for resolving potential circular references
[localhost-startStop-1] DEBUG org.springframework.beans.factory.support.DefaultListableBeanFactory  - Finished creating instance of bean 'org.springframework.context.annotation.internalScheduledAnnotationProcessor'
[localhost-startStop-1] DEBUG org.springframework.web.context.support.XmlWebApplicationContext  - Unable to locate MessageSource with name 'messageSource': using default [org.springframework.context.support.DelegatingMessageSource@1f9ac586]
[localhost-startStop-1] DEBUG org.springframework.web.context.support.XmlWebApplicationContext  - Unable to locate ApplicationEventMulticaster with name 'applicationEventMulticaster': using default [org.springframework.context.event.SimpleApplicationEventMulticaster@43cb8634]
[localhost-startStop-1] DEBUG org.springframework.ui.context.support.UiApplicationContextUtils  - Unable to locate ThemeSource with name 'themeSource': using default [org.springframework.ui.context.support.ResourceBundleThemeSource@5bcde4d7]
[localhost-startStop-1] DEBUG org.springframework.beans.factory.support.DefaultListableBeanFactory  - Pre-instantiating singletons in org.springframework.beans.factory.support.DefaultListableBeanFactory@3be4ca42: defining beans [helloWorldController,org.springframework.context.annotation.internalConfigurationAnnotationProcessor,org.springframework.context.annotation.internalAutowiredAnnotationProcessor,org.springframework.context.annotation.internalRequiredAnnotationProcessor,org.springframework.context.annotation.internalCommonAnnotationProcessor,org.springframework.context.event.internalEventListenerProcessor,org.springframework.context.event.internalEventListenerFactory,org.springframework.context.annotation.internalAsyncAnnotationProcessor,org.springframework.context.annotation.internalScheduledAnnotationProcessor,twitter,asyncCaller,asyncMailTrigger,MyXMLApp,org.springframework.web.servlet.view.InternalResourceViewResolver#0,mvcContentNegotiationManager,org.springframework.web.servlet.mvc.method.annotation.RequestMappingHandlerMapping#0,mvcCorsConfigurations,org.springframework.format.support.FormattingConversionServiceFactoryBean#0,org.springframework.web.servlet.mvc.method.annotation.RequestMappingHandlerAdapter#0,mvcUriComponentsContributor,org.springframework.web.servlet.handler.MappedInterceptor#0,org.springframework.web.servlet.mvc.method.annotation.ExceptionHandlerExceptionResolver#0,org.springframework.web.servlet.mvc.annotation.ResponseStatusExceptionResolver#0,org.springframework.web.servlet.mvc.support.DefaultHandlerExceptionResolver#0,org.springframework.web.servlet.handler.BeanNameUrlHandlerMapping,org.springframework.web.servlet.mvc.HttpRequestHandlerAdapter,org.springframework.web.servlet.mvc.SimpleControllerHandlerAdapter,org.springframework.context.annotation.ConfigurationClassPostProcessor.importAwareProcessor,org.springframework.context.annotation.ConfigurationClassPostProcessor.enhancedConfigurationProcessor]; root of factory hierarchy
[localhost-startStop-1] DEBUG org.springframework.beans.factory.support.DefaultListableBeanFactory  - Creating shared instance of singleton bean 'helloWorldController'
[localhost-startStop-1] DEBUG org.springframework.beans.factory.support.DefaultListableBeanFactory  - Creating instance of bean 'helloWorldController'
[localhost-startStop-1] DEBUG org.springframework.beans.factory.annotation.InjectionMetadata  - Registered injected element on class [com.journaldev.spring.di.controller.HelloWorldController]: AutowiredFieldElement for private com.journaldev.spring.di.component.AsyncCaller com.journaldev.spring.di.controller.HelloWorldController.asyncCaller
[localhost-startStop-1] DEBUG org.springframework.beans.factory.support.DefaultListableBeanFactory  - Eagerly caching bean 'helloWorldController' to allow for resolving potential circular references
[localhost-startStop-1] DEBUG org.springframework.beans.factory.annotation.InjectionMetadata  - Processing injected element of bean 'helloWorldController': AutowiredFieldElement for private com.journaldev.spring.di.component.AsyncCaller com.journaldev.spring.di.controller.HelloWorldController.asyncCaller
[localhost-startStop-1] DEBUG org.springframework.beans.factory.support.DefaultListableBeanFactory  - Creating shared instance of singleton bean 'asyncCaller'
[localhost-startStop-1] DEBUG org.springframework.beans.factory.support.DefaultListableBeanFactory  - Creating instance of bean 'asyncCaller'
[localhost-startStop-1] DEBUG org.springframework.beans.factory.support.DefaultListableBeanFactory  - Eagerly caching bean 'asyncCaller' to allow for resolving potential circular references
[localhost-startStop-1] DEBUG org.springframework.beans.factory.support.DefaultListableBeanFactory  - Creating shared instance of singleton bean 'asyncMailTrigger'
[localhost-startStop-1] DEBUG org.springframework.beans.factory.support.DefaultListableBeanFactory  - Creating instance of bean 'asyncMailTrigger'
[localhost-startStop-1] DEBUG org.springframework.beans.factory.support.DefaultListableBeanFactory  - Eagerly caching bean 'asyncMailTrigger' to allow for resolving potential circular references
[localhost-startStop-1] DEBUG org.springframework.aop.framework.CglibAopProxy  - Creating CGLIB proxy: target source is SingletonTargetSource for target object [com.journaldev.spring.di.component.AsyncMailTrigger@c2f96eb]
[localhost-startStop-1] DEBUG org.springframework.aop.framework.CglibAopProxy  - Unable to apply any optimisations to advised method: public void com.journaldev.spring.di.component.AsyncMailTrigger.senMail(java.util.Map)
[localhost-startStop-1] DEBUG org.springframework.aop.framework.CglibAopProxy  - Found finalize() method - using NO_OVERRIDE
[localhost-startStop-1] DEBUG org.springframework.aop.framework.CglibAopProxy  - Found 'equals' method: public boolean java.lang.Object.equals(java.lang.Object)
[localhost-startStop-1] DEBUG org.springframework.aop.framework.CglibAopProxy  - Unable to apply any optimisations to advised method: public java.lang.String java.lang.Object.toString()
[localhost-startStop-1] DEBUG org.springframework.aop.framework.CglibAopProxy  - Found 'hashCode' method: public native int java.lang.Object.hashCode()
[localhost-startStop-1] DEBUG org.springframework.aop.framework.CglibAopProxy  - Unable to apply any optimisations to advised method: protected native java.lang.Object java.lang.Object.clone() throws java.lang.CloneNotSupportedException
[localhost-startStop-1] DEBUG org.springframework.aop.framework.CglibAopProxy  - Method is declared on Advised interface: public abstract int org.springframework.aop.framework.Advised.indexOf(org.springframework.aop.Advisor)
[localhost-startStop-1] DEBUG org.springframework.aop.framework.CglibAopProxy  - Method is declared on Advised interface: public abstract int org.springframework.aop.framework.Advised.indexOf(org.aopalliance.aop.Advice)
[localhost-startStop-1] DEBUG org.springframework.aop.framework.CglibAopProxy  - Method is declared on Advised interface: public abstract boolean org.springframework.aop.framework.Advised.isFrozen()
[localhost-startStop-1] DEBUG org.springframework.aop.framework.CglibAopProxy  - Method is declared on Advised interface: public abstract void org.springframework.aop.framework.Advised.setTargetSource(org.springframework.aop.TargetSource)
[localhost-startStop-1] DEBUG org.springframework.aop.framework.CglibAopProxy  - Method is declared on Advised interface: public abstract void org.springframework.aop.framework.Advised.addAdvice(int,org.aopalliance.aop.Advice) throws org.springframework.aop.framework.AopConfigException
[localhost-startStop-1] DEBUG org.springframework.aop.framework.CglibAopProxy  - Method is declared on Advised interface: public abstract void org.springframework.aop.framework.Advised.addAdvice(org.aopalliance.aop.Advice) throws org.springframework.aop.framework.AopConfigException
[localhost-startStop-1] DEBUG org.springframework.aop.framework.CglibAopProxy  - Method is declared on Advised interface: public abstract org.springframework.aop.TargetSource org.springframework.aop.framework.Advised.getTargetSource()
[localhost-startStop-1] DEBUG org.springframework.aop.framework.CglibAopProxy  - Method is declared on Advised interface: public abstract void org.springframework.aop.framework.Advised.setPreFiltered(boolean)
[localhost-startStop-1] DEBUG org.springframework.aop.framework.CglibAopProxy  - Method is declared on Advised interface: public abstract boolean org.springframework.aop.framework.Advised.isPreFiltered()
[localhost-startStop-1] DEBUG org.springframework.aop.framework.CglibAopProxy  - Method is declared on Advised interface: public abstract java.lang.Class[] org.springframework.aop.framework.Advised.getProxiedInterfaces()
[localhost-startStop-1] DEBUG org.springframework.aop.framework.CglibAopProxy  - Method is declared on Advised interface: public abstract boolean org.springframework.aop.framework.Advised.isInterfaceProxied(java.lang.Class)
[localhost-startStop-1] DEBUG org.springframework.aop.framework.CglibAopProxy  - Method is declared on Advised interface: public abstract org.springframework.aop.Advisor[] org.springframework.aop.framework.Advised.getAdvisors()
[localhost-startStop-1] DEBUG org.springframework.aop.framework.CglibAopProxy  - Method is declared on Advised interface: public abstract boolean org.springframework.aop.framework.Advised.removeAdvisor(org.springframework.aop.Advisor)
[localhost-startStop-1] DEBUG org.springframework.aop.framework.CglibAopProxy  - Method is declared on Advised interface: public abstract void org.springframework.aop.framework.Advised.removeAdvisor(int) throws org.springframework.aop.framework.AopConfigException
[localhost-startStop-1] DEBUG org.springframework.aop.framework.CglibAopProxy  - Method is declared on Advised interface: public abstract boolean org.springframework.aop.framework.Advised.replaceAdvisor(org.springframework.aop.Advisor,org.springframework.aop.Advisor) throws org.springframework.aop.framework.AopConfigException
[localhost-startStop-1] DEBUG org.springframework.aop.framework.CglibAopProxy  - Method is declared on Advised interface: public abstract boolean org.springframework.aop.framework.Advised.removeAdvice(org.aopalliance.aop.Advice)
[localhost-startStop-1] DEBUG org.springframework.aop.framework.CglibAopProxy  - Method is declared on Advised interface: public abstract java.lang.String org.springframework.aop.framework.Advised.toProxyConfigString()
[localhost-startStop-1] DEBUG org.springframework.aop.framework.CglibAopProxy  - Method is declared on Advised interface: public abstract void org.springframework.aop.framework.Advised.addAdvisor(org.springframework.aop.Advisor) throws org.springframework.aop.framework.AopConfigException
[localhost-startStop-1] DEBUG org.springframework.aop.framework.CglibAopProxy  - Method is declared on Advised interface: public abstract void org.springframework.aop.framework.Advised.addAdvisor(int,org.springframework.aop.Advisor) throws org.springframework.aop.framework.AopConfigException
[localhost-startStop-1] DEBUG org.springframework.aop.framework.CglibAopProxy  - Method is declared on Advised interface: public abstract boolean org.springframework.aop.framework.Advised.isProxyTargetClass()
[localhost-startStop-1] DEBUG org.springframework.aop.framework.CglibAopProxy  - Method is declared on Advised interface: public abstract void org.springframework.aop.framework.Advised.setExposeProxy(boolean)
[localhost-startStop-1] DEBUG org.springframework.aop.framework.CglibAopProxy  - Method is declared on Advised interface: public abstract boolean org.springframework.aop.framework.Advised.isExposeProxy()
[localhost-startStop-1] DEBUG org.springframework.aop.framework.CglibAopProxy  - Method is declared on Advised interface: public abstract java.lang.Class org.springframework.aop.TargetClassAware.getTargetClass()
[localhost-startStop-1] DEBUG org.springframework.beans.factory.support.DefaultListableBeanFactory  - Finished creating instance of bean 'asyncMailTrigger'
[localhost-startStop-1] DEBUG org.springframework.beans.factory.support.DefaultListableBeanFactory  - Finished creating instance of bean 'asyncCaller'
[localhost-startStop-1] DEBUG org.springframework.beans.factory.annotation.AutowiredAnnotationBeanPostProcessor  - Autowiring by type from bean name 'helloWorldController' to bean named 'asyncCaller'
[localhost-startStop-1] DEBUG org.springframework.beans.factory.support.DefaultListableBeanFactory  - Finished creating instance of bean 'helloWorldController'
[localhost-startStop-1] DEBUG org.springframework.beans.factory.support.DefaultListableBeanFactory  - Returning cached instance of singleton bean 'org.springframework.context.annotation.internalConfigurationAnnotationProcessor'
[localhost-startStop-1] DEBUG org.springframework.beans.factory.support.DefaultListableBeanFactory  - Returning cached instance of singleton bean 'org.springframework.context.annotation.internalAutowiredAnnotationProcessor'
[localhost-startStop-1] DEBUG org.springframework.beans.factory.support.DefaultListableBeanFactory  - Returning cached instance of singleton bean 'org.springframework.context.annotation.internalRequiredAnnotationProcessor'
[localhost-startStop-1] DEBUG org.springframework.beans.factory.support.DefaultListableBeanFactory  - Returning cached instance of singleton bean 'org.springframework.context.annotation.internalCommonAnnotationProcessor'
[localhost-startStop-1] DEBUG org.springframework.beans.factory.support.DefaultListableBeanFactory  - Creating shared instance of singleton bean 'org.springframework.context.event.internalEventListenerProcessor'
[localhost-startStop-1] DEBUG org.springframework.beans.factory.support.DefaultListableBeanFactory  - Creating instance of bean 'org.springframework.context.event.internalEventListenerProcessor'
[localhost-startStop-1] DEBUG org.springframework.beans.factory.support.DefaultListableBeanFactory  - Eagerly caching bean 'org.springframework.context.event.internalEventListenerProcessor' to allow for resolving potential circular references
[localhost-startStop-1] DEBUG org.springframework.beans.factory.support.DefaultListableBeanFactory  - Finished creating instance of bean 'org.springframework.context.event.internalEventListenerProcessor'
[localhost-startStop-1] DEBUG org.springframework.beans.factory.support.DefaultListableBeanFactory  - Creating shared instance of singleton bean 'org.springframework.context.event.internalEventListenerFactory'
[localhost-startStop-1] DEBUG org.springframework.beans.factory.support.DefaultListableBeanFactory  - Creating instance of bean 'org.springframework.context.event.internalEventListenerFactory'
[localhost-startStop-1] DEBUG org.springframework.beans.factory.support.DefaultListableBeanFactory  - Eagerly caching bean 'org.springframework.context.event.internalEventListenerFactory' to allow for resolving potential circular references
[localhost-startStop-1] DEBUG org.springframework.beans.factory.support.DefaultListableBeanFactory  - Finished creating instance of bean 'org.springframework.context.event.internalEventListenerFactory'
[localhost-startStop-1] DEBUG org.springframework.beans.factory.support.DefaultListableBeanFactory  - Returning cached instance of singleton bean 'org.springframework.context.annotation.internalAsyncAnnotationProcessor'
[localhost-startStop-1] DEBUG org.springframework.beans.factory.support.DefaultListableBeanFactory  - Returning cached instance of singleton bean 'org.springframework.context.annotation.internalScheduledAnnotationProcessor'
[localhost-startStop-1] DEBUG org.springframework.beans.factory.support.DefaultListableBeanFactory  - Creating shared instance of singleton bean 'twitter'
[localhost-startStop-1] DEBUG org.springframework.beans.factory.support.DefaultListableBeanFactory  - Creating instance of bean 'twitter'
[localhost-startStop-1] DEBUG org.springframework.beans.factory.support.DefaultListableBeanFactory  - Eagerly caching bean 'twitter' to allow for resolving potential circular references
[localhost-startStop-1] DEBUG org.springframework.beans.factory.support.DefaultListableBeanFactory  - Finished creating instance of bean 'twitter'
[localhost-startStop-1] DEBUG org.springframework.beans.factory.support.DefaultListableBeanFactory  - Returning cached instance of singleton bean 'asyncCaller'
[localhost-startStop-1] DEBUG org.springframework.beans.factory.support.DefaultListableBeanFactory  - Returning cached instance of singleton bean 'asyncMailTrigger'
[localhost-startStop-1] DEBUG org.springframework.beans.factory.support.DefaultListableBeanFactory  - Creating shared instance of singleton bean 'MyXMLApp'
[localhost-startStop-1] DEBUG org.springframework.beans.factory.support.DefaultListableBeanFactory  - Creating instance of bean 'MyXMLApp'
[localhost-startStop-1] DEBUG org.springframework.beans.factory.support.DefaultListableBeanFactory  - Eagerly caching bean 'MyXMLApp' to allow for resolving potential circular references
[localhost-startStop-1] DEBUG org.springframework.beans.factory.support.DefaultListableBeanFactory  - Returning cached instance of singleton bean 'twitter'
[localhost-startStop-1] DEBUG org.springframework.beans.factory.support.DefaultListableBeanFactory  - Finished creating instance of bean 'MyXMLApp'
[localhost-startStop-1] DEBUG org.springframework.beans.factory.support.DefaultListableBeanFactory  - Creating shared instance of singleton bean 'org.springframework.web.servlet.view.InternalResourceViewResolver#0'
[localhost-startStop-1] DEBUG org.springframework.beans.factory.support.DefaultListableBeanFactory  - Creating instance of bean 'org.springframework.web.servlet.view.InternalResourceViewResolver#0'
[localhost-startStop-1] DEBUG org.springframework.beans.factory.support.DefaultListableBeanFactory  - Eagerly caching bean 'org.springframework.web.servlet.view.InternalResourceViewResolver#0' to allow for resolving potential circular references
[localhost-startStop-1] DEBUG org.springframework.beans.factory.support.DefaultListableBeanFactory  - Finished creating instance of bean 'org.springframework.web.servlet.view.InternalResourceViewResolver#0'
[localhost-startStop-1] DEBUG org.springframework.beans.factory.support.DefaultListableBeanFactory  - Creating shared instance of singleton bean 'mvcContentNegotiationManager'
[localhost-startStop-1] DEBUG org.springframework.beans.factory.support.DefaultListableBeanFactory  - Creating instance of bean 'mvcContentNegotiationManager'
[localhost-startStop-1] DEBUG org.springframework.beans.factory.support.DefaultListableBeanFactory  - Eagerly caching bean 'mvcContentNegotiationManager' to allow for resolving potential circular references
[localhost-startStop-1] DEBUG org.springframework.beans.factory.support.DefaultListableBeanFactory  - Invoking afterPropertiesSet() on bean with name 'mvcContentNegotiationManager'
[localhost-startStop-1] DEBUG org.springframework.beans.factory.support.DefaultListableBeanFactory  - Finished creating instance of bean 'mvcContentNegotiationManager'
[localhost-startStop-1] DEBUG org.springframework.beans.factory.support.DefaultListableBeanFactory  - Creating shared instance of singleton bean 'org.springframework.web.servlet.mvc.method.annotation.RequestMappingHandlerMapping#0'
[localhost-startStop-1] DEBUG org.springframework.beans.factory.support.DefaultListableBeanFactory  - Creating instance of bean 'org.springframework.web.servlet.mvc.method.annotation.RequestMappingHandlerMapping#0'
[localhost-startStop-1] DEBUG org.springframework.beans.factory.support.DefaultListableBeanFactory  - Eagerly caching bean 'org.springframework.web.servlet.mvc.method.annotation.RequestMappingHandlerMapping#0' to allow for resolving potential circular references
[localhost-startStop-1] DEBUG org.springframework.beans.factory.support.DefaultListableBeanFactory  - Returning cached instance of singleton bean 'mvcContentNegotiationManager'
[localhost-startStop-1] DEBUG org.springframework.beans.factory.support.DefaultListableBeanFactory  - Creating shared instance of singleton bean 'mvcCorsConfigurations'
[localhost-startStop-1] DEBUG org.springframework.beans.factory.support.DefaultListableBeanFactory  - Creating instance of bean 'mvcCorsConfigurations'
[localhost-startStop-1] DEBUG org.springframework.beans.factory.support.DefaultListableBeanFactory  - Eagerly caching bean 'mvcCorsConfigurations' to allow for resolving potential circular references
[localhost-startStop-1] DEBUG org.springframework.beans.factory.support.DefaultListableBeanFactory  - Finished creating instance of bean 'mvcCorsConfigurations'
[localhost-startStop-1] DEBUG org.springframework.beans.factory.support.DefaultListableBeanFactory  - Creating shared instance of singleton bean 'org.springframework.web.servlet.handler.MappedInterceptor#0'
[localhost-startStop-1] DEBUG org.springframework.beans.factory.support.DefaultListableBeanFactory  - Creating instance of bean 'org.springframework.web.servlet.handler.MappedInterceptor#0'
[localhost-startStop-1] DEBUG org.springframework.beans.factory.support.DefaultListableBeanFactory  - Creating instance of bean '(inner bean)#c66005a'
[localhost-startStop-1] DEBUG org.springframework.beans.factory.support.DefaultListableBeanFactory  - Creating shared instance of singleton bean 'org.springframework.format.support.FormattingConversionServiceFactoryBean#0'
[localhost-startStop-1] DEBUG org.springframework.beans.factory.support.DefaultListableBeanFactory  - Creating instance of bean 'org.springframework.format.support.FormattingConversionServiceFactoryBean#0'
[localhost-startStop-1] DEBUG org.springframework.beans.factory.support.DefaultListableBeanFactory  - Eagerly caching bean 'org.springframework.format.support.FormattingConversionServiceFactoryBean#0' to allow for resolving potential circular references
[localhost-startStop-1] DEBUG org.springframework.beans.factory.support.DefaultListableBeanFactory  - Invoking afterPropertiesSet() on bean with name 'org.springframework.format.support.FormattingConversionServiceFactoryBean#0'
[localhost-startStop-1] DEBUG org.springframework.beans.factory.support.DefaultListableBeanFactory  - Finished creating instance of bean 'org.springframework.format.support.FormattingConversionServiceFactoryBean#0'
[localhost-startStop-1] DEBUG org.springframework.beans.factory.support.DefaultListableBeanFactory  - Finished creating instance of bean '(inner bean)#c66005a'
[localhost-startStop-1] DEBUG org.springframework.beans.BeanUtils  - No property editor [org.springframework.web.context.request.WebRequestInterceptorEditor] found for type org.springframework.web.context.request.WebRequestInterceptor according to 'Editor' suffix convention
[localhost-startStop-1] DEBUG org.springframework.beans.factory.support.DefaultListableBeanFactory  - Eagerly caching bean 'org.springframework.web.servlet.handler.MappedInterceptor#0' to allow for resolving potential circular references
[localhost-startStop-1] DEBUG org.springframework.beans.factory.support.DefaultListableBeanFactory  - Finished creating instance of bean 'org.springframework.web.servlet.handler.MappedInterceptor#0'
[localhost-startStop-1] DEBUG org.springframework.beans.factory.support.DefaultListableBeanFactory  - Invoking afterPropertiesSet() on bean with name 'org.springframework.web.servlet.mvc.method.annotation.RequestMappingHandlerMapping#0'
[localhost-startStop-1] DEBUG org.springframework.web.servlet.mvc.method.annotation.RequestMappingHandlerMapping  - Looking for request mappings in application context: WebApplicationContext for namespace 'springmvc-dispatcher-servlet': startup date [Sat May 09 10:54:51 IST 2020]; root of context hierarchy
[localhost-startStop-1] INFO  org.springframework.web.servlet.mvc.method.annotation.RequestMappingHandlerMapping  - Mapped "{[/helloworld]}" onto public org.springframework.web.servlet.ModelAndView com.journaldev.spring.di.controller.HelloWorldController.hello()
[localhost-startStop-1] DEBUG org.springframework.beans.factory.support.DefaultListableBeanFactory  - Finished creating instance of bean 'org.springframework.web.servlet.mvc.method.annotation.RequestMappingHandlerMapping#0'
[localhost-startStop-1] DEBUG org.springframework.beans.factory.support.DefaultListableBeanFactory  - Returning cached instance of singleton bean 'mvcCorsConfigurations'
[localhost-startStop-1] DEBUG org.springframework.beans.factory.support.DefaultListableBeanFactory  - Returning cached instance of singleton bean 'org.springframework.format.support.FormattingConversionServiceFactoryBean#0'
[localhost-startStop-1] DEBUG org.springframework.beans.factory.support.DefaultListableBeanFactory  - Creating shared instance of singleton bean 'org.springframework.web.servlet.mvc.method.annotation.RequestMappingHandlerAdapter#0'
[localhost-startStop-1] DEBUG org.springframework.beans.factory.support.DefaultListableBeanFactory  - Creating instance of bean 'org.springframework.web.servlet.mvc.method.annotation.RequestMappingHandlerAdapter#0'
[localhost-startStop-1] DEBUG org.springframework.beans.factory.support.DefaultListableBeanFactory  - Eagerly caching bean 'org.springframework.web.servlet.mvc.method.annotation.RequestMappingHandlerAdapter#0' to allow for resolving potential circular references
[localhost-startStop-1] DEBUG org.springframework.beans.factory.support.DefaultListableBeanFactory  - Returning cached instance of singleton bean 'mvcContentNegotiationManager'
[localhost-startStop-1] DEBUG org.springframework.beans.factory.support.DefaultListableBeanFactory  - Creating instance of bean '(inner bean)#679825ea'
[localhost-startStop-1] DEBUG org.springframework.beans.factory.support.DefaultListableBeanFactory  - Returning cached instance of singleton bean 'org.springframework.format.support.FormattingConversionServiceFactoryBean#0'
[localhost-startStop-1] DEBUG org.springframework.beans.factory.support.DefaultListableBeanFactory  - Finished creating instance of bean '(inner bean)#679825ea'
[localhost-startStop-1] DEBUG org.springframework.beans.factory.support.DefaultListableBeanFactory  - Creating instance of bean '(inner bean)#5aefc2d8'
[localhost-startStop-1] DEBUG org.springframework.beans.factory.support.DefaultListableBeanFactory  - Finished creating instance of bean '(inner bean)#5aefc2d8'
[localhost-startStop-1] DEBUG org.springframework.beans.factory.support.DefaultListableBeanFactory  - Creating instance of bean '(inner bean)#172450e4'
[localhost-startStop-1] DEBUG org.springframework.beans.factory.support.DefaultListableBeanFactory  - Finished creating instance of bean '(inner bean)#172450e4'
[localhost-startStop-1] DEBUG org.springframework.beans.factory.support.DefaultListableBeanFactory  - Creating instance of bean '(inner bean)#5ca4f2c9'
[localhost-startStop-1] DEBUG org.springframework.beans.factory.support.DefaultListableBeanFactory  - Finished creating instance of bean '(inner bean)#5ca4f2c9'
[localhost-startStop-1] DEBUG org.springframework.beans.factory.support.DefaultListableBeanFactory  - Creating instance of bean '(inner bean)#d0a339a'
[localhost-startStop-1] DEBUG org.springframework.beans.factory.support.DefaultListableBeanFactory  - Finished creating instance of bean '(inner bean)#d0a339a'
[localhost-startStop-1] DEBUG org.springframework.beans.factory.support.DefaultListableBeanFactory  - Creating instance of bean '(inner bean)#4391058f'
[localhost-startStop-1] DEBUG org.springframework.beans.factory.support.DefaultListableBeanFactory  - Finished creating instance of bean '(inner bean)#4391058f'
[localhost-startStop-1] DEBUG org.springframework.beans.factory.support.DefaultListableBeanFactory  - Creating instance of bean '(inner bean)#78d780a2'
[localhost-startStop-1] DEBUG org.springframework.beans.factory.support.DefaultListableBeanFactory  - Finished creating instance of bean '(inner bean)#78d780a2'
[localhost-startStop-1] DEBUG org.springframework.beans.factory.support.DefaultListableBeanFactory  - Invoking afterPropertiesSet() on bean with name 'org.springframework.web.servlet.mvc.method.annotation.RequestMappingHandlerAdapter#0'
[localhost-startStop-1] INFO  org.springframework.web.servlet.mvc.method.annotation.RequestMappingHandlerAdapter  - Looking for @ControllerAdvice: WebApplicationContext for namespace 'springmvc-dispatcher-servlet': startup date [Sat May 09 10:54:51 IST 2020]; root of context hierarchy
[localhost-startStop-1] DEBUG org.springframework.beans.factory.support.DefaultListableBeanFactory  - Finished creating instance of bean 'org.springframework.web.servlet.mvc.method.annotation.RequestMappingHandlerAdapter#0'
[localhost-startStop-1] DEBUG org.springframework.beans.factory.support.DefaultListableBeanFactory  - Creating shared instance of singleton bean 'mvcUriComponentsContributor'
[localhost-startStop-1] DEBUG org.springframework.beans.factory.support.DefaultListableBeanFactory  - Creating instance of bean 'mvcUriComponentsContributor'
[localhost-startStop-1] DEBUG org.springframework.beans.factory.support.DefaultListableBeanFactory  - Eagerly caching bean 'mvcUriComponentsContributor' to allow for resolving potential circular references
[localhost-startStop-1] DEBUG org.springframework.beans.factory.support.DefaultListableBeanFactory  - Creating instance of bean '(inner bean)#5791faa8'
[localhost-startStop-1] DEBUG org.springframework.beans.factory.support.DefaultListableBeanFactory  - Returning cached instance of singleton bean 'mvcContentNegotiationManager'
[localhost-startStop-1] DEBUG org.springframework.beans.factory.support.DefaultListableBeanFactory  - Creating instance of bean '(inner bean)#679825ea#1'
[localhost-startStop-1] DEBUG org.springframework.beans.factory.support.DefaultListableBeanFactory  - Returning cached instance of singleton bean 'org.springframework.format.support.FormattingConversionServiceFactoryBean#0'
[localhost-startStop-1] DEBUG org.springframework.beans.factory.support.DefaultListableBeanFactory  - Finished creating instance of bean '(inner bean)#679825ea#1'
[localhost-startStop-1] DEBUG org.springframework.beans.factory.support.DefaultListableBeanFactory  - Creating instance of bean '(inner bean)#5aefc2d8#1'
[localhost-startStop-1] DEBUG org.springframework.beans.factory.support.DefaultListableBeanFactory  - Finished creating instance of bean '(inner bean)#5aefc2d8#1'
[localhost-startStop-1] DEBUG org.springframework.beans.factory.support.DefaultListableBeanFactory  - Creating instance of bean '(inner bean)#172450e4#1'
[localhost-startStop-1] DEBUG org.springframework.beans.factory.support.DefaultListableBeanFactory  - Finished creating instance of bean '(inner bean)#172450e4#1'
[localhost-startStop-1] DEBUG org.springframework.beans.factory.support.DefaultListableBeanFactory  - Creating instance of bean '(inner bean)#5ca4f2c9#1'
[localhost-startStop-1] DEBUG org.springframework.beans.factory.support.DefaultListableBeanFactory  - Finished creating instance of bean '(inner bean)#5ca4f2c9#1'
[localhost-startStop-1] DEBUG org.springframework.beans.factory.support.DefaultListableBeanFactory  - Creating instance of bean '(inner bean)#d0a339a#1'
[localhost-startStop-1] DEBUG org.springframework.beans.factory.support.DefaultListableBeanFactory  - Finished creating instance of bean '(inner bean)#d0a339a#1'
[localhost-startStop-1] DEBUG org.springframework.beans.factory.support.DefaultListableBeanFactory  - Creating instance of bean '(inner bean)#4391058f#1'
[localhost-startStop-1] DEBUG org.springframework.beans.factory.support.DefaultListableBeanFactory  - Finished creating instance of bean '(inner bean)#4391058f#1'
[localhost-startStop-1] DEBUG org.springframework.beans.factory.support.DefaultListableBeanFactory  - Creating instance of bean '(inner bean)#78d780a2#1'
[localhost-startStop-1] DEBUG org.springframework.beans.factory.support.DefaultListableBeanFactory  - Finished creating instance of bean '(inner bean)#78d780a2#1'
[localhost-startStop-1] DEBUG org.springframework.beans.factory.support.DefaultListableBeanFactory  - Invoking afterPropertiesSet() on bean with name '(inner bean)#5791faa8'
[localhost-startStop-1] INFO  org.springframework.web.servlet.mvc.method.annotation.RequestMappingHandlerAdapter  - Looking for @ControllerAdvice: WebApplicationContext for namespace 'springmvc-dispatcher-servlet': startup date [Sat May 09 10:54:51 IST 2020]; root of context hierarchy
[localhost-startStop-1] DEBUG org.springframework.beans.factory.support.DefaultListableBeanFactory  - Returning eagerly cached instance of singleton bean 'mvcUriComponentsContributor' that is not fully initialized yet - a consequence of a circular reference
[localhost-startStop-1] DEBUG org.springframework.beans.factory.support.DefaultListableBeanFactory  - Finished creating instance of bean '(inner bean)#5791faa8'
[localhost-startStop-1] DEBUG org.springframework.beans.factory.support.DefaultListableBeanFactory  - Returning cached instance of singleton bean 'org.springframework.format.support.FormattingConversionServiceFactoryBean#0'
[localhost-startStop-1] DEBUG org.springframework.beans.factory.support.DefaultListableBeanFactory  - Invoking afterPropertiesSet() on bean with name 'mvcUriComponentsContributor'
[localhost-startStop-1] DEBUG org.springframework.beans.factory.support.DefaultListableBeanFactory  - Finished creating instance of bean 'mvcUriComponentsContributor'
[localhost-startStop-1] DEBUG org.springframework.beans.factory.support.DefaultListableBeanFactory  - Returning cached instance of singleton bean 'org.springframework.web.servlet.handler.MappedInterceptor#0'
[localhost-startStop-1] DEBUG org.springframework.beans.factory.support.DefaultListableBeanFactory  - Creating shared instance of singleton bean 'org.springframework.web.servlet.mvc.method.annotation.ExceptionHandlerExceptionResolver#0'
[localhost-startStop-1] DEBUG org.springframework.beans.factory.support.DefaultListableBeanFactory  - Creating instance of bean 'org.springframework.web.servlet.mvc.method.annotation.ExceptionHandlerExceptionResolver#0'
[localhost-startStop-1] DEBUG org.springframework.beans.factory.support.DefaultListableBeanFactory  - Eagerly caching bean 'org.springframework.web.servlet.mvc.method.annotation.ExceptionHandlerExceptionResolver#0' to allow for resolving potential circular references
[localhost-startStop-1] DEBUG org.springframework.beans.factory.support.DefaultListableBeanFactory  - Returning cached instance of singleton bean 'mvcContentNegotiationManager'
[localhost-startStop-1] DEBUG org.springframework.beans.factory.support.DefaultListableBeanFactory  - Creating instance of bean '(inner bean)#5aefc2d8#2'
[localhost-startStop-1] DEBUG org.springframework.beans.factory.support.DefaultListableBeanFactory  - Finished creating instance of bean '(inner bean)#5aefc2d8#2'
[localhost-startStop-1] DEBUG org.springframework.beans.factory.support.DefaultListableBeanFactory  - Creating instance of bean '(inner bean)#172450e4#2'
[localhost-startStop-1] DEBUG org.springframework.beans.factory.support.DefaultListableBeanFactory  - Finished creating instance of bean '(inner bean)#172450e4#2'
[localhost-startStop-1] DEBUG org.springframework.beans.factory.support.DefaultListableBeanFactory  - Creating instance of bean '(inner bean)#5ca4f2c9#2'
[localhost-startStop-1] DEBUG org.springframework.beans.factory.support.DefaultListableBeanFactory  - Finished creating instance of bean '(inner bean)#5ca4f2c9#2'
[localhost-startStop-1] DEBUG org.springframework.beans.factory.support.DefaultListableBeanFactory  - Creating instance of bean '(inner bean)#d0a339a#2'
[localhost-startStop-1] DEBUG org.springframework.beans.factory.support.DefaultListableBeanFactory  - Finished creating instance of bean '(inner bean)#d0a339a#2'
[localhost-startStop-1] DEBUG org.springframework.beans.factory.support.DefaultListableBeanFactory  - Creating instance of bean '(inner bean)#4391058f#2'
[localhost-startStop-1] DEBUG org.springframework.beans.factory.support.DefaultListableBeanFactory  - Finished creating instance of bean '(inner bean)#4391058f#2'
[localhost-startStop-1] DEBUG org.springframework.beans.factory.support.DefaultListableBeanFactory  - Creating instance of bean '(inner bean)#78d780a2#2'
[localhost-startStop-1] DEBUG org.springframework.beans.factory.support.DefaultListableBeanFactory  - Finished creating instance of bean '(inner bean)#78d780a2#2'
[localhost-startStop-1] DEBUG org.springframework.beans.factory.support.DefaultListableBeanFactory  - Invoking afterPropertiesSet() on bean with name 'org.springframework.web.servlet.mvc.method.annotation.ExceptionHandlerExceptionResolver#0'
[localhost-startStop-1] DEBUG org.springframework.web.servlet.mvc.method.annotation.ExceptionHandlerExceptionResolver  - Looking for exception mappings: WebApplicationContext for namespace 'springmvc-dispatcher-servlet': startup date [Sat May 09 10:54:51 IST 2020]; root of context hierarchy
[localhost-startStop-1] DEBUG org.springframework.beans.factory.support.DefaultListableBeanFactory  - Finished creating instance of bean 'org.springframework.web.servlet.mvc.method.annotation.ExceptionHandlerExceptionResolver#0'
[localhost-startStop-1] DEBUG org.springframework.beans.factory.support.DefaultListableBeanFactory  - Creating shared instance of singleton bean 'org.springframework.web.servlet.mvc.annotation.ResponseStatusExceptionResolver#0'
[localhost-startStop-1] DEBUG org.springframework.beans.factory.support.DefaultListableBeanFactory  - Creating instance of bean 'org.springframework.web.servlet.mvc.annotation.ResponseStatusExceptionResolver#0'
[localhost-startStop-1] DEBUG org.springframework.beans.factory.support.DefaultListableBeanFactory  - Eagerly caching bean 'org.springframework.web.servlet.mvc.annotation.ResponseStatusExceptionResolver#0' to allow for resolving potential circular references
[localhost-startStop-1] DEBUG org.springframework.beans.factory.support.DefaultListableBeanFactory  - Finished creating instance of bean 'org.springframework.web.servlet.mvc.annotation.ResponseStatusExceptionResolver#0'
[localhost-startStop-1] DEBUG org.springframework.beans.factory.support.DefaultListableBeanFactory  - Creating shared instance of singleton bean 'org.springframework.web.servlet.mvc.support.DefaultHandlerExceptionResolver#0'
[localhost-startStop-1] DEBUG org.springframework.beans.factory.support.DefaultListableBeanFactory  - Creating instance of bean 'org.springframework.web.servlet.mvc.support.DefaultHandlerExceptionResolver#0'
[localhost-startStop-1] DEBUG org.springframework.beans.factory.support.DefaultListableBeanFactory  - Eagerly caching bean 'org.springframework.web.servlet.mvc.support.DefaultHandlerExceptionResolver#0' to allow for resolving potential circular references
[localhost-startStop-1] DEBUG org.springframework.beans.factory.support.DefaultListableBeanFactory  - Finished creating instance of bean 'org.springframework.web.servlet.mvc.support.DefaultHandlerExceptionResolver#0'
[localhost-startStop-1] DEBUG org.springframework.beans.factory.support.DefaultListableBeanFactory  - Creating shared instance of singleton bean 'org.springframework.web.servlet.handler.BeanNameUrlHandlerMapping'
[localhost-startStop-1] DEBUG org.springframework.beans.factory.support.DefaultListableBeanFactory  - Creating instance of bean 'org.springframework.web.servlet.handler.BeanNameUrlHandlerMapping'
[localhost-startStop-1] DEBUG org.springframework.beans.factory.support.DefaultListableBeanFactory  - Eagerly caching bean 'org.springframework.web.servlet.handler.BeanNameUrlHandlerMapping' to allow for resolving potential circular references
[localhost-startStop-1] DEBUG org.springframework.beans.factory.support.DefaultListableBeanFactory  - Returning cached instance of singleton bean 'mvcCorsConfigurations'
[localhost-startStop-1] DEBUG org.springframework.beans.factory.support.DefaultListableBeanFactory  - Returning cached instance of singleton bean 'org.springframework.web.servlet.handler.MappedInterceptor#0'
[localhost-startStop-1] DEBUG org.springframework.web.servlet.handler.BeanNameUrlHandlerMapping  - Looking for URL mappings in application context: WebApplicationContext for namespace 'springmvc-dispatcher-servlet': startup date [Sat May 09 10:54:51 IST 2020]; root of context hierarchy
[localhost-startStop-1] DEBUG org.springframework.web.servlet.handler.BeanNameUrlHandlerMapping  - Rejected bean name 'helloWorldController': no URL paths identified
[localhost-startStop-1] DEBUG org.springframework.web.servlet.handler.BeanNameUrlHandlerMapping  - Rejected bean name 'org.springframework.context.annotation.internalConfigurationAnnotationProcessor': no URL paths identified
[localhost-startStop-1] DEBUG org.springframework.web.servlet.handler.BeanNameUrlHandlerMapping  - Rejected bean name 'org.springframework.context.annotation.internalAutowiredAnnotationProcessor': no URL paths identified
[localhost-startStop-1] DEBUG org.springframework.web.servlet.handler.BeanNameUrlHandlerMapping  - Rejected bean name 'org.springframework.context.annotation.internalRequiredAnnotationProcessor': no URL paths identified
[localhost-startStop-1] DEBUG org.springframework.web.servlet.handler.BeanNameUrlHandlerMapping  - Rejected bean name 'org.springframework.context.annotation.internalCommonAnnotationProcessor': no URL paths identified
[localhost-startStop-1] DEBUG org.springframework.web.servlet.handler.BeanNameUrlHandlerMapping  - Rejected bean name 'org.springframework.context.event.internalEventListenerProcessor': no URL paths identified
[localhost-startStop-1] DEBUG org.springframework.web.servlet.handler.BeanNameUrlHandlerMapping  - Rejected bean name 'org.springframework.context.event.internalEventListenerFactory': no URL paths identified
[localhost-startStop-1] DEBUG org.springframework.web.servlet.handler.BeanNameUrlHandlerMapping  - Rejected bean name 'org.springframework.context.annotation.internalAsyncAnnotationProcessor': no URL paths identified
[localhost-startStop-1] DEBUG org.springframework.web.servlet.handler.BeanNameUrlHandlerMapping  - Rejected bean name 'org.springframework.context.annotation.internalScheduledAnnotationProcessor': no URL paths identified
[localhost-startStop-1] DEBUG org.springframework.web.servlet.handler.BeanNameUrlHandlerMapping  - Rejected bean name 'twitter': no URL paths identified
[localhost-startStop-1] DEBUG org.springframework.web.servlet.handler.BeanNameUrlHandlerMapping  - Rejected bean name 'asyncCaller': no URL paths identified
[localhost-startStop-1] DEBUG org.springframework.web.servlet.handler.BeanNameUrlHandlerMapping  - Rejected bean name 'asyncMailTrigger': no URL paths identified
[localhost-startStop-1] DEBUG org.springframework.web.servlet.handler.BeanNameUrlHandlerMapping  - Rejected bean name 'MyXMLApp': no URL paths identified
[localhost-startStop-1] DEBUG org.springframework.web.servlet.handler.BeanNameUrlHandlerMapping  - Rejected bean name 'org.springframework.web.servlet.view.InternalResourceViewResolver#0': no URL paths identified
[localhost-startStop-1] DEBUG org.springframework.web.servlet.handler.BeanNameUrlHandlerMapping  - Rejected bean name 'mvcContentNegotiationManager': no URL paths identified
[localhost-startStop-1] DEBUG org.springframework.web.servlet.handler.BeanNameUrlHandlerMapping  - Rejected bean name 'org.springframework.web.servlet.mvc.method.annotation.RequestMappingHandlerMapping#0': no URL paths identified
[localhost-startStop-1] DEBUG org.springframework.web.servlet.handler.BeanNameUrlHandlerMapping  - Rejected bean name 'mvcCorsConfigurations': no URL paths identified
[localhost-startStop-1] DEBUG org.springframework.web.servlet.handler.BeanNameUrlHandlerMapping  - Rejected bean name 'org.springframework.format.support.FormattingConversionServiceFactoryBean#0': no URL paths identified
[localhost-startStop-1] DEBUG org.springframework.web.servlet.handler.BeanNameUrlHandlerMapping  - Rejected bean name 'org.springframework.web.servlet.mvc.method.annotation.RequestMappingHandlerAdapter#0': no URL paths identified
[localhost-startStop-1] DEBUG org.springframework.web.servlet.handler.BeanNameUrlHandlerMapping  - Rejected bean name 'mvcUriComponentsContributor': no URL paths identified
[localhost-startStop-1] DEBUG org.springframework.web.servlet.handler.BeanNameUrlHandlerMapping  - Rejected bean name 'org.springframework.web.servlet.handler.MappedInterceptor#0': no URL paths identified
[localhost-startStop-1] DEBUG org.springframework.web.servlet.handler.BeanNameUrlHandlerMapping  - Rejected bean name 'org.springframework.web.servlet.mvc.method.annotation.ExceptionHandlerExceptionResolver#0': no URL paths identified
[localhost-startStop-1] DEBUG org.springframework.web.servlet.handler.BeanNameUrlHandlerMapping  - Rejected bean name 'org.springframework.web.servlet.mvc.annotation.ResponseStatusExceptionResolver#0': no URL paths identified
[localhost-startStop-1] DEBUG org.springframework.web.servlet.handler.BeanNameUrlHandlerMapping  - Rejected bean name 'org.springframework.web.servlet.mvc.support.DefaultHandlerExceptionResolver#0': no URL paths identified
[localhost-startStop-1] DEBUG org.springframework.web.servlet.handler.BeanNameUrlHandlerMapping  - Rejected bean name 'org.springframework.web.servlet.handler.BeanNameUrlHandlerMapping': no URL paths identified
[localhost-startStop-1] DEBUG org.springframework.web.servlet.handler.BeanNameUrlHandlerMapping  - Rejected bean name 'org.springframework.web.servlet.mvc.HttpRequestHandlerAdapter': no URL paths identified
[localhost-startStop-1] DEBUG org.springframework.web.servlet.handler.BeanNameUrlHandlerMapping  - Rejected bean name 'org.springframework.web.servlet.mvc.SimpleControllerHandlerAdapter': no URL paths identified
[localhost-startStop-1] DEBUG org.springframework.web.servlet.handler.BeanNameUrlHandlerMapping  - Rejected bean name 'org.springframework.context.annotation.ConfigurationClassPostProcessor.importAwareProcessor': no URL paths identified
[localhost-startStop-1] DEBUG org.springframework.web.servlet.handler.BeanNameUrlHandlerMapping  - Rejected bean name 'org.springframework.context.annotation.ConfigurationClassPostProcessor.enhancedConfigurationProcessor': no URL paths identified
[localhost-startStop-1] DEBUG org.springframework.web.servlet.handler.BeanNameUrlHandlerMapping  - Rejected bean name 'environment': no URL paths identified
[localhost-startStop-1] DEBUG org.springframework.web.servlet.handler.BeanNameUrlHandlerMapping  - Rejected bean name 'systemProperties': no URL paths identified
[localhost-startStop-1] DEBUG org.springframework.web.servlet.handler.BeanNameUrlHandlerMapping  - Rejected bean name 'systemEnvironment': no URL paths identified
[localhost-startStop-1] DEBUG org.springframework.web.servlet.handler.BeanNameUrlHandlerMapping  - Rejected bean name 'servletContext': no URL paths identified
[localhost-startStop-1] DEBUG org.springframework.web.servlet.handler.BeanNameUrlHandlerMapping  - Rejected bean name 'servletConfig': no URL paths identified
[localhost-startStop-1] DEBUG org.springframework.web.servlet.handler.BeanNameUrlHandlerMapping  - Rejected bean name 'contextParameters': no URL paths identified
[localhost-startStop-1] DEBUG org.springframework.web.servlet.handler.BeanNameUrlHandlerMapping  - Rejected bean name 'contextAttributes': no URL paths identified
[localhost-startStop-1] DEBUG org.springframework.web.servlet.handler.BeanNameUrlHandlerMapping  - Rejected bean name 'org.springframework.context.annotation.ConfigurationClassPostProcessor.importRegistry': no URL paths identified
[localhost-startStop-1] DEBUG org.springframework.web.servlet.handler.BeanNameUrlHandlerMapping  - Rejected bean name 'messageSource': no URL paths identified
[localhost-startStop-1] DEBUG org.springframework.web.servlet.handler.BeanNameUrlHandlerMapping  - Rejected bean name 'applicationEventMulticaster': no URL paths identified
[localhost-startStop-1] DEBUG org.springframework.beans.factory.support.DefaultListableBeanFactory  - Finished creating instance of bean 'org.springframework.web.servlet.handler.BeanNameUrlHandlerMapping'
[localhost-startStop-1] DEBUG org.springframework.beans.factory.support.DefaultListableBeanFactory  - Creating shared instance of singleton bean 'org.springframework.web.servlet.mvc.HttpRequestHandlerAdapter'
[localhost-startStop-1] DEBUG org.springframework.beans.factory.support.DefaultListableBeanFactory  - Creating instance of bean 'org.springframework.web.servlet.mvc.HttpRequestHandlerAdapter'
[localhost-startStop-1] DEBUG org.springframework.beans.factory.support.DefaultListableBeanFactory  - Eagerly caching bean 'org.springframework.web.servlet.mvc.HttpRequestHandlerAdapter' to allow for resolving potential circular references
[localhost-startStop-1] DEBUG org.springframework.beans.factory.support.DefaultListableBeanFactory  - Finished creating instance of bean 'org.springframework.web.servlet.mvc.HttpRequestHandlerAdapter'
[localhost-startStop-1] DEBUG org.springframework.beans.factory.support.DefaultListableBeanFactory  - Creating shared instance of singleton bean 'org.springframework.web.servlet.mvc.SimpleControllerHandlerAdapter'
[localhost-startStop-1] DEBUG org.springframework.beans.factory.support.DefaultListableBeanFactory  - Creating instance of bean 'org.springframework.web.servlet.mvc.SimpleControllerHandlerAdapter'
[localhost-startStop-1] DEBUG org.springframework.beans.factory.support.DefaultListableBeanFactory  - Eagerly caching bean 'org.springframework.web.servlet.mvc.SimpleControllerHandlerAdapter' to allow for resolving potential circular references
[localhost-startStop-1] DEBUG org.springframework.beans.factory.support.DefaultListableBeanFactory  - Finished creating instance of bean 'org.springframework.web.servlet.mvc.SimpleControllerHandlerAdapter'
[localhost-startStop-1] DEBUG org.springframework.beans.factory.support.DefaultListableBeanFactory  - Returning cached instance of singleton bean 'org.springframework.context.annotation.ConfigurationClassPostProcessor.importAwareProcessor'
[localhost-startStop-1] DEBUG org.springframework.beans.factory.support.DefaultListableBeanFactory  - Returning cached instance of singleton bean 'org.springframework.context.annotation.ConfigurationClassPostProcessor.enhancedConfigurationProcessor'
[localhost-startStop-1] DEBUG org.springframework.beans.factory.support.DefaultListableBeanFactory  - Returning cached instance of singleton bean 'org.springframework.context.event.internalEventListenerFactory'
[localhost-startStop-1] DEBUG org.springframework.beans.factory.support.DefaultListableBeanFactory  - Returning cached instance of singleton bean 'asyncMailTrigger'
[localhost-startStop-1] DEBUG org.springframework.web.context.support.XmlWebApplicationContext  - Unable to locate LifecycleProcessor with name 'lifecycleProcessor': using default [org.springframework.context.support.DefaultLifecycleProcessor@67c2ba5d]
[localhost-startStop-1] DEBUG org.springframework.beans.factory.support.DefaultListableBeanFactory  - Returning cached instance of singleton bean 'lifecycleProcessor'
[localhost-startStop-1] DEBUG org.springframework.beans.factory.support.DefaultListableBeanFactory  - Returning cached instance of singleton bean 'org.springframework.context.annotation.internalScheduledAnnotationProcessor'
[localhost-startStop-1] DEBUG org.springframework.web.servlet.DispatcherServlet  - Unable to locate MultipartResolver with name 'multipartResolver': no multipart request handling provided
[localhost-startStop-1] DEBUG org.springframework.beans.factory.support.DefaultListableBeanFactory  - Creating instance of bean 'org.springframework.web.servlet.i18n.AcceptHeaderLocaleResolver'
[localhost-startStop-1] DEBUG org.springframework.beans.factory.support.DefaultListableBeanFactory  - Finished creating instance of bean 'org.springframework.web.servlet.i18n.AcceptHeaderLocaleResolver'
[localhost-startStop-1] DEBUG org.springframework.web.servlet.DispatcherServlet  - Unable to locate LocaleResolver with name 'localeResolver': using default [org.springframework.web.servlet.i18n.AcceptHeaderLocaleResolver@2d177bd1]
[localhost-startStop-1] DEBUG org.springframework.beans.factory.support.DefaultListableBeanFactory  - Creating instance of bean 'org.springframework.web.servlet.theme.FixedThemeResolver'
[localhost-startStop-1] DEBUG org.springframework.beans.factory.support.DefaultListableBeanFactory  - Finished creating instance of bean 'org.springframework.web.servlet.theme.FixedThemeResolver'
[localhost-startStop-1] DEBUG org.springframework.web.servlet.DispatcherServlet  - Unable to locate ThemeResolver with name 'themeResolver': using default [org.springframework.web.servlet.theme.FixedThemeResolver@42724ea5]
[localhost-startStop-1] DEBUG org.springframework.beans.factory.support.DefaultListableBeanFactory  - Returning cached instance of singleton bean 'org.springframework.web.servlet.mvc.method.annotation.RequestMappingHandlerMapping#0'
[localhost-startStop-1] DEBUG org.springframework.beans.factory.support.DefaultListableBeanFactory  - Returning cached instance of singleton bean 'org.springframework.web.servlet.handler.BeanNameUrlHandlerMapping'
[localhost-startStop-1] DEBUG org.springframework.beans.factory.support.DefaultListableBeanFactory  - Returning cached instance of singleton bean 'org.springframework.web.servlet.mvc.method.annotation.RequestMappingHandlerAdapter#0'
[localhost-startStop-1] DEBUG org.springframework.beans.factory.support.DefaultListableBeanFactory  - Returning cached instance of singleton bean 'org.springframework.web.servlet.mvc.HttpRequestHandlerAdapter'
[localhost-startStop-1] DEBUG org.springframework.beans.factory.support.DefaultListableBeanFactory  - Returning cached instance of singleton bean 'org.springframework.web.servlet.mvc.SimpleControllerHandlerAdapter'
[localhost-startStop-1] DEBUG org.springframework.beans.factory.support.DefaultListableBeanFactory  - Returning cached instance of singleton bean 'org.springframework.web.servlet.mvc.method.annotation.ExceptionHandlerExceptionResolver#0'
[localhost-startStop-1] DEBUG org.springframework.beans.factory.support.DefaultListableBeanFactory  - Returning cached instance of singleton bean 'org.springframework.web.servlet.mvc.annotation.ResponseStatusExceptionResolver#0'
[localhost-startStop-1] DEBUG org.springframework.beans.factory.support.DefaultListableBeanFactory  - Returning cached instance of singleton bean 'org.springframework.web.servlet.mvc.support.DefaultHandlerExceptionResolver#0'
[localhost-startStop-1] DEBUG org.springframework.beans.factory.support.DefaultListableBeanFactory  - Creating instance of bean 'org.springframework.web.servlet.view.DefaultRequestToViewNameTranslator'
[localhost-startStop-1] DEBUG org.springframework.beans.factory.support.DefaultListableBeanFactory  - Finished creating instance of bean 'org.springframework.web.servlet.view.DefaultRequestToViewNameTranslator'
[localhost-startStop-1] DEBUG org.springframework.web.servlet.DispatcherServlet  - Unable to locate RequestToViewNameTranslator with name 'viewNameTranslator': using default [org.springframework.web.servlet.view.DefaultRequestToViewNameTranslator@7ac5e097]
[localhost-startStop-1] DEBUG org.springframework.beans.factory.support.DefaultListableBeanFactory  - Returning cached instance of singleton bean 'org.springframework.web.servlet.view.InternalResourceViewResolver#0'
[localhost-startStop-1] DEBUG org.springframework.beans.factory.support.DefaultListableBeanFactory  - Creating instance of bean 'org.springframework.web.servlet.support.SessionFlashMapManager'
[localhost-startStop-1] DEBUG org.springframework.beans.factory.support.DefaultListableBeanFactory  - Finished creating instance of bean 'org.springframework.web.servlet.support.SessionFlashMapManager'
[localhost-startStop-1] DEBUG org.springframework.web.servlet.DispatcherServlet  - Unable to locate FlashMapManager with name 'flashMapManager': using default [org.springframework.web.servlet.support.SessionFlashMapManager@13e1ccd8]
[localhost-startStop-1] DEBUG org.springframework.core.env.PropertySourcesPropertyResolver  - Searching for key 'spring.liveBeansView.mbeanDomain' in [servletConfigInitParams]
[localhost-startStop-1] DEBUG org.springframework.core.env.PropertySourcesPropertyResolver  - Searching for key 'spring.liveBeansView.mbeanDomain' in [servletContextInitParams]
[localhost-startStop-1] DEBUG org.springframework.core.env.PropertySourcesPropertyResolver  - Searching for key 'spring.liveBeansView.mbeanDomain' in [jndiProperties]
[localhost-startStop-1] DEBUG org.springframework.jndi.JndiTemplate  - Looking up JNDI object with name [java:comp/env/spring.liveBeansView.mbeanDomain]
[localhost-startStop-1] DEBUG org.springframework.jndi.JndiLocatorDelegate  - Converted JNDI name [java:comp/env/spring.liveBeansView.mbeanDomain] not found - trying original name [spring.liveBeansView.mbeanDomain]. javax.naming.NameNotFoundException: Name [spring.liveBeansView.mbeanDomain] is not bound in this Context. Unable to find [spring.liveBeansView.mbeanDomain].
[localhost-startStop-1] DEBUG org.springframework.jndi.JndiTemplate  - Looking up JNDI object with name [spring.liveBeansView.mbeanDomain]
[localhost-startStop-1] DEBUG org.springframework.jndi.JndiPropertySource  - JNDI lookup for name [spring.liveBeansView.mbeanDomain] threw NamingException with message: Name [spring.liveBeansView.mbeanDomain] is not bound in this Context. Unable to find [spring.liveBeansView.mbeanDomain].. Returning null.
[localhost-startStop-1] DEBUG org.springframework.core.env.PropertySourcesPropertyResolver  - Searching for key 'spring.liveBeansView.mbeanDomain' in [systemProperties]
[localhost-startStop-1] DEBUG org.springframework.core.env.PropertySourcesPropertyResolver  - Searching for key 'spring.liveBeansView.mbeanDomain' in [systemEnvironment]
[localhost-startStop-1] DEBUG org.springframework.core.env.PropertySourcesPropertyResolver  - Could not find key 'spring.liveBeansView.mbeanDomain' in any property source. Returning [null]
[localhost-startStop-1] DEBUG org.springframework.web.servlet.DispatcherServlet  - Published WebApplicationContext of servlet 'springmvc-dispatcher' as ServletContext attribute with name [org.springframework.web.servlet.FrameworkServlet.CONTEXT.springmvc-dispatcher]
[localhost-startStop-1] INFO  org.springframework.web.servlet.DispatcherServlet  - FrameworkServlet 'springmvc-dispatcher': initialization completed in 1052 ms
[localhost-startStop-1] DEBUG org.springframework.web.servlet.DispatcherServlet  - Servlet 'springmvc-dispatcher' configured successfully
[http-bio-8080-exec-3] DEBUG org.springframework.web.servlet.DispatcherServlet  - DispatcherServlet with name 'springmvc-dispatcher' processing GET request for [/helloworld.html]
[http-bio-8080-exec-3] DEBUG org.springframework.web.servlet.mvc.method.annotation.RequestMappingHandlerMapping  - Looking up handler method for path /helloworld.html
[http-bio-8080-exec-3] DEBUG org.springframework.web.servlet.mvc.method.annotation.RequestMappingHandlerMapping  - Returning handler method [public org.springframework.web.servlet.ModelAndView com.journaldev.spring.di.controller.HelloWorldController.hello()]
[http-bio-8080-exec-3] DEBUG org.springframework.beans.factory.support.DefaultListableBeanFactory  - Returning cached instance of singleton bean 'helloWorldController'
[http-bio-8080-exec-3] DEBUG org.springframework.web.servlet.DispatcherServlet  - Last-Modified value for [/helloworld.html] is: -1
[http-bio-8080-exec-3] INFO  com.journaldev.spring.di.component.AsyncCaller  - Calling From rightWayToCall Thread http-bio-8080-exec-3
[http-bio-8080-exec-3] INFO  com.journaldev.spring.di.component.AsyncCaller  - Calling From wrongWayToCall Thread http-bio-8080-exec-3
[http-bio-8080-exec-3] DEBUG org.springframework.beans.factory.support.DefaultListableBeanFactory  - Invoking afterPropertiesSet() on bean with name 'hello'
[http-bio-8080-exec-3] DEBUG org.springframework.web.servlet.DispatcherServlet  - Rendering view [org.springframework.web.servlet.view.InternalResourceView: name 'hello'; URL [/WEB-INF/hello.jsp]] in DispatcherServlet with name 'springmvc-dispatcher'
[http-bio-8080-exec-3] DEBUG org.springframework.web.servlet.view.InternalResourceView  - Added model object 'message' of type [java.lang.String] to request in view with name 'hello'
[http-bio-8080-exec-3] DEBUG org.springframework.web.servlet.view.InternalResourceView  - Forwarding to resource [/WEB-INF/hello.jsp] in InternalResourceView 'hello'
[http-bio-8080-exec-3] DEBUG org.springframework.web.servlet.DispatcherServlet  - Successfully completed request
